\BOOKMARK [0][-]{Doc-Start}{\376\377\000A\000b\000s\000t\000r\000a\000c\000t}{}% 1
\BOOKMARK [0][-]{chapter*.1}{\376\377\000A\000C\000K\000N\000O\000W\000L\000E\000D\000G\000E\000M\000E\000N\000T}{}% 2
\BOOKMARK [0][-]{chapter*.1}{\376\377\000T\000A\000B\000L\000E\000\040\000O\000F\000\040\000C\000O\000N\000T\000E\000N\000T\000S}{}% 3
\BOOKMARK [0][-]{chapter*.2}{\376\377\000L\000I\000S\000T\000\040\000O\000F\000\040\000T\000A\000B\000L\000E\000S}{}% 4
\BOOKMARK [0][-]{chapter*.3}{\376\377\000L\000I\000S\000T\000\040\000O\000F\000\040\000F\000I\000G\000U\000R\000E\000S}{}% 5
\BOOKMARK [0][-]{chapter*.4}{\376\377\000L\000I\000S\000T\000\040\000O\000F\000\040\000A\000B\000B\000R\000E\000V\000I\000A\000T\000I\000O\000N\000S\000\040\000A\000N\000D\000\040\000S\000Y\000M\000B\000O\000L\000S}{}% 6
\BOOKMARK [0][-]{chapter.1}{\376\377\000I\000N\000T\000R\000O\000D\000U\000C\000T\000I\000O\000N}{}% 7
\BOOKMARK [1][-]{section.1.1}{\376\377\000S\000t\000a\000t\000e\000m\000e\000n\000t\000\040\000a\000n\000d\000\040\000S\000i\000g\000n\000i\000f\000i\000c\000a\000n\000c\000e\000\040\000o\000f\000\040\000t\000h\000e\000\040\000P\000r\000o\000b\000l\000e\000m\000s}{chapter.1}% 8
\BOOKMARK [1][-]{section.1.2}{\376\377\000G\000o\000a\000l\000\040\000a\000n\000d\000\040\000O\000b\000j\000e\000c\000t\000i\000v\000e\000\040\000o\000f\000\040\000t\000h\000e\000\040\000S\000t\000u\000d\000y}{chapter.1}% 9
\BOOKMARK [1][-]{section.1.3}{\376\377\000H\000y\000p\000o\000t\000h\000e\000s\000i\000s}{chapter.1}% 10
\BOOKMARK [1][-]{section.1.4}{\376\377\000S\000c\000o\000p\000e\000\040\000o\000f\000\040\000t\000h\000e\000\040\000S\000t\000u\000d\000y}{chapter.1}% 11
\BOOKMARK [1][-]{section.1.5}{\376\377\000P\000r\000o\000c\000e\000s\000s\000\040\000o\000f\000\040\000t\000h\000e\000\040\000S\000t\000u\000d\000y}{chapter.1}% 12
\BOOKMARK [2][-]{subsection.1.5.1}{\376\377\000R\000o\000u\000t\000i\000n\000e}{section.1.5}% 13
\BOOKMARK [2][-]{subsection.1.5.2}{\376\377\000H\000a\000r\000d\000w\000a\000r\000e}{section.1.5}% 14
\BOOKMARK [2][-]{subsection.1.5.3}{\376\377\000F\000r\000a\000m\000e\000w\000o\000r\000k}{section.1.5}% 15
\BOOKMARK [1][-]{section.1.6}{\376\377\000A\000s\000s\000u\000m\000p\000t\000i\000o\000n\000s}{chapter.1}% 16
\BOOKMARK [1][-]{section.1.7}{\376\377\000L\000i\000m\000i\000t\000a\000t\000i\000o\000n\000\040\000o\000f\000\040\000t\000h\000e\000\040\000S\000t\000u\000d\000y}{chapter.1}% 17
\BOOKMARK [2][-]{subsection.1.7.1}{\376\377\000T\000e\000c\000h\000n\000i\000c\000a\000l\000\040\000C\000o\000n\000s\000t\000r\000a\000i\000n\000t\000s}{section.1.7}% 18
\BOOKMARK [3][-]{subsubsection.1.7.1.1}{\376\377\000N\000o\000n\000-\000T\000e\000c\000h\000n\000i\000c\000a\000l\000\040\000D\000e\000s\000i\000g\000n\000\040\000C\000o\000n\000s\000t\000r\000a\000i\000n\000t\000s}{subsection.1.7.1}% 19
\BOOKMARK [1][-]{section.1.8}{\376\377\000D\000e\000f\000i\000n\000i\000t\000i\000o\000n\000s}{chapter.1}% 20
\BOOKMARK [0][-]{chapter.2}{\376\377\000S\000Y\000S\000T\000E\000M\000\040\000D\000E\000S\000I\000G\000N\000\040\000A\000N\000D\000\040\000R\000E\000L\000A\000T\000E\000D\000\040\000T\000E\000C\000H\000N\000O\000L\000O\000G\000I\000E\000S}{}% 21
\BOOKMARK [1][-]{section.2.1}{\376\377\000M\000e\000c\000h\000a\000n\000i\000c\000a\000l\000\040\000D\000e\000s\000i\000g\000n}{chapter.2}% 22
\BOOKMARK [1][-]{section.2.2}{\376\377\000E\000l\000e\000c\000t\000r\000i\000c\000a\000l\000\040\000D\000e\000s\000i\000g\000n}{chapter.2}% 23
\BOOKMARK [1][-]{section.2.3}{\376\377\000S\000o\000f\000t\000w\000a\000r\000e\000\040\000D\000e\000s\000i\000g\000n}{chapter.2}% 24
\BOOKMARK [2][-]{subsection.2.3.1}{\376\377\000M\000o\000b\000i\000l\000e\000\040\000R\000o\000b\000o\000t}{section.2.3}% 25
\BOOKMARK [3][-]{subsubsection.2.3.1.1}{\376\377\000R\000O\000S\000\040\0002\000\040\000\050\000R\000o\000b\000o\000t\000\040\000O\000p\000e\000r\000a\000t\000i\000n\000g\000\040\000S\000y\000s\000t\000e\000m\000\040\0002\000\051}{subsection.2.3.1}% 26
\BOOKMARK [3][-]{subsubsection.2.3.1.2}{\376\377\000R\000O\000S\000\040\000N\000a\000v\000i\000g\000a\000t\000i\000o\000n\000\040\000S\000t\000a\000c\000k}{subsection.2.3.1}% 27
\BOOKMARK [3][-]{subsubsection.2.3.1.3}{\376\377\000A\000M\000C\000L\000\040\000\050\000A\000d\000a\000p\000t\000i\000v\000e\000\040\000M\000o\000n\000t\000e\000\040\000C\000a\000r\000l\000o\000\040\000L\000o\000c\000a\000l\000i\000z\000a\000t\000i\000o\000n\000\051}{subsection.2.3.1}% 28
\BOOKMARK [2][-]{subsection.2.3.2}{\376\377\000D\000a\000t\000a\000b\000a\000s\000e\000\040\000M\000a\000n\000a\000g\000e\000m\000e\000n\000t}{section.2.3}% 29
\BOOKMARK [3][-]{subsubsection.2.3.2.1}{\376\377\000R\000e\000t\000r\000i\000e\000v\000a\000l\000-\000A\000u\000g\000m\000e\000n\000t\000e\000d\000\040\000G\000e\000n\000e\000r\000a\000t\000i\000o\000n\000\040\000\050\000R\000A\000G\000\051}{subsection.2.3.2}% 30
\BOOKMARK [3][-]{subsubsection.2.3.2.2}{\376\377\000V\000e\000c\000t\000o\000r\000\040\000D\000a\000t\000a\000b\000a\000s\000e}{subsection.2.3.2}% 31
\BOOKMARK [3][-]{subsubsection.2.3.2.3}{\376\377\000E\000m\000b\000e\000d\000d\000i\000n\000g\000s}{subsection.2.3.2}% 32
\BOOKMARK [3][-]{subsubsection.2.3.2.4}{\376\377\000M\000i\000l\000v\000u\000s}{subsection.2.3.2}% 33
\BOOKMARK [3][-]{subsubsection.2.3.2.5}{\376\377\000S\000Q\000L\000\040\000\050\000S\000t\000r\000u\000c\000t\000u\000r\000e\000d\000\040\000Q\000u\000e\000r\000y\000\040\000L\000a\000n\000g\000u\000a\000g\000e\000\051}{subsection.2.3.2}% 34
\BOOKMARK [2][-]{subsection.2.3.3}{\376\377\000A\000r\000t\000i\000f\000i\000c\000i\000a\000l\000\040\000I\000n\000t\000e\000l\000l\000i\000g\000e\000n\000c\000e}{section.2.3}% 35
\BOOKMARK [3][-]{subsubsection.2.3.3.1}{\376\377\000F\000a\000c\000e\000\040\000R\000e\000c\000o\000g\000n\000i\000t\000i\000o\000n}{subsection.2.3.3}% 36
\BOOKMARK [3][-]{subsubsection.2.3.3.2}{\376\377\000N\000a\000t\000u\000r\000a\000l\000\040\000L\000a\000n\000g\000u\000a\000g\000e\000\040\000P\000r\000o\000c\000e\000s\000s\000i\000n\000g\000\040\000\050\000N\000L\000P\000\051}{subsection.2.3.3}% 37
\BOOKMARK [3][-]{subsubsection.2.3.3.3}{\376\377\000L\000a\000r\000g\000e\000\040\000L\000a\000n\000g\000u\000a\000g\000e\000\040\000M\000o\000d\000e\000l\000\040\000\050\000L\000L\000M\000\051}{subsection.2.3.3}% 38
\BOOKMARK [3][-]{subsubsection.2.3.3.4}{\376\377\000T\000e\000x\000t\000-\000t\000o\000-\000S\000p\000e\000e\000c\000h\000\040\000\050\000T\000T\000S\000\051}{subsection.2.3.3}% 39
\BOOKMARK [3][-]{subsubsection.2.3.3.5}{\376\377\000A\000u\000t\000o\000m\000a\000t\000i\000c\000\040\000S\000p\000e\000e\000c\000h\000\040\000R\000e\000c\000o\000g\000n\000i\000t\000i\000o\000n\000\040\000\050\000A\000S\000R\000\051}{subsection.2.3.3}% 40
\BOOKMARK [0][-]{chapter.3}{\376\377\000P\000A\000G\000E\000\040\000L\000A\000Y\000O\000U\000T}{}% 41
\BOOKMARK [1][-]{section.3.1}{\376\377\000P\000A\000P\000E\000R\000\040\000S\000I\000Z\000E}{chapter.3}% 42
\BOOKMARK [1][-]{section.3.2}{\376\377\000F\000O\000N\000T}{chapter.3}% 43
\BOOKMARK [1][-]{section.3.3}{\376\377\000L\000I\000N\000E\000\040\000S\000P\000A\000C\000I\000N\000G}{chapter.3}% 44
\BOOKMARK [1][-]{section.3.4}{\376\377\000M\000A\000R\000G\000I\000N\000S}{chapter.3}% 45
\BOOKMARK [1][-]{section.3.5}{\376\377\000P\000A\000G\000E\000\040\000N\000U\000M\000B\000E\000R\000I\000N\000G}{chapter.3}% 46
\BOOKMARK [1][-]{section.3.6}{\376\377\000C\000H\000A\000P\000T\000E\000R\000\040\000D\000I\000V\000I\000S\000I\000O\000N\000,\000\040\000M\000A\000I\000N\000\040\000H\000E\000A\000D\000I\000N\000G\000S\000,\000\040\000A\000N\000D\000\040\000S\000U\000B\000H\000E\000A\000D\000I\000N\000G\000S}{chapter.3}% 47
\BOOKMARK [1][-]{section.3.7}{\376\377\000T\000A\000B\000L\000E\000S}{chapter.3}% 48
\BOOKMARK [1][-]{section.3.8}{\376\377\000I\000M\000A\000G\000E\000S}{chapter.3}% 49
\BOOKMARK [1][-]{section.3.9}{\376\377\000T\000A\000B\000L\000E\000\040\000O\000F\000\040\000C\000O\000N\000T\000E\000N\000T\000S\000,\000\040\000T\000A\000B\000L\000E\000\040\000O\000F\000\040\000T\000A\000B\000L\000E\000S\000,\000\040\000T\000A\000B\000L\000E\000\040\000O\000F\000\040\000F\000I\000G\000U\000R\000E\000S\000\040\000\050\000O\000R\000\040\000L\000I\000S\000T\000\040\000O\000F\000\040\000F\000I\000G\000U\000R\000E\000S\000\051}{chapter.3}% 50
\BOOKMARK [1][-]{section.3.10}{\376\377\000A\000B\000B\000R\000E\000V\000I\000A\000T\000I\000O\000N\000\040\000L\000I\000S\000T\000\040\000O\000R\000\040\000S\000Y\000M\000B\000O\000L\000\040\000L\000I\000S\000T}{chapter.3}% 51
\BOOKMARK [1][-]{section.3.11}{\376\377\000S\000C\000I\000E\000N\000T\000I\000F\000I\000C\000\040\000N\000A\000M\000E\000S}{chapter.3}% 52
\BOOKMARK [1][-]{section.3.12}{\376\377\000M\000A\000T\000H\000E\000M\000A\000T\000I\000C\000A\000L\000\040\000E\000Q\000U\000A\000T\000I\000O\000N\000S}{chapter.3}% 53
\BOOKMARK [1][-]{section.3.13}{\376\377\000F\000O\000R\000E\000I\000G\000N\000\040\000L\000A\000N\000G\000U\000A\000G\000E\000S}{chapter.3}% 54
\BOOKMARK [1][-]{section.3.14}{\376\377\000A\000B\000B\000R\000E\000V\000I\000A\000T\000I\000O\000N\000S}{chapter.3}% 55
\BOOKMARK [1][-]{section.3.15}{\376\377\000P\000U\000N\000C\000T\000U\000A\000T\000I\000O\000N\000\040\000M\000A\000R\000K\000S}{chapter.3}% 56
\BOOKMARK [0][-]{chapter.4}{\376\377\000R\000E\000F\000E\000R\000E\000N\000C\000E\000\040\000A\000N\000D\000\040\000C\000I\000T\000A\000T\000I\000O\000N}{}% 57
\BOOKMARK [1][-]{section.4.1}{\376\377\000I\000N\000-\000T\000E\000X\000T\000\040\000C\000I\000T\000A\000T\000I\000O\000N\000\040\000I\000N\000\040\000T\000H\000E\000\040\000N\000A\000M\000E\000-\000Y\000E\000A\000R\000\040\000S\000Y\000S\000T\000E\000M}{chapter.4}% 58
\BOOKMARK [1][-]{section.4.2}{\376\377\000I\000N\000-\000T\000E\000X\000T\000\040\000C\000I\000T\000A\000T\000I\000O\000N\000\040\000I\000N\000\040\000T\000H\000E\000\040\000N\000U\000M\000E\000R\000I\000C\000A\000L\000\040\000S\000E\000Q\000U\000E\000N\000C\000E\000\040\000S\000Y\000S\000T\000E\000M}{chapter.4}% 59
\BOOKMARK [0][-]{chapter.5}{\376\377\000B\000I\000B\000L\000I\000O\000G\000R\000A\000P\000H\000Y\000\040\000A\000N\000D\000\040\000R\000E\000F\000E\000R\000E\000N\000C\000E\000S}{}% 60
\BOOKMARK [1][-]{section.5.1}{\376\377\000G\000U\000I\000D\000E\000L\000I\000N\000E\000S\000\040\000F\000O\000R\000\040\000W\000R\000I\000T\000I\000N\000G\000\040\000B\000I\000B\000L\000I\000O\000G\000R\000A\000P\000H\000Y}{chapter.5}% 61
\BOOKMARK [1][-]{section.5.2}{\376\377\000G\000U\000I\000D\000E\000L\000I\000N\000E\000S\000\040\000F\000O\000R\000\040\000W\000R\000I\000T\000I\000N\000G\000\040\000R\000E\000F\000E\000R\000E\000N\000C\000E\000S}{chapter.5}% 62
\BOOKMARK [1][-]{section.5.3}{\376\377\000M\000E\000T\000H\000O\000D\000\040\000O\000F\000\040\000L\000I\000S\000T\000I\000N\000G\000\040\000B\000I\000B\000L\000I\000O\000G\000R\000A\000P\000H\000Y}{chapter.5}% 63
\BOOKMARK [2][-]{subsection.5.3.1}{\376\377\000A\000u\000t\000h\000o\000r\000s}{section.5.3}% 64
\BOOKMARK [2][-]{subsection.5.3.2}{\376\377\000A\000r\000t\000i\000c\000l\000e\000\040\000T\000i\000t\000l\000e\000s}{section.5.3}% 65
\BOOKMARK [2][-]{subsection.5.3.3}{\376\377\000B\000o\000o\000k\000\040\000o\000r\000\040\000J\000o\000u\000r\000n\000a\000l\000\040\000T\000i\000t\000l\000e\000s}{section.5.3}% 66
\BOOKMARK [2][-]{subsection.5.3.4}{\376\377\000E\000d\000i\000t\000i\000o\000n\000s}{section.5.3}% 67
\BOOKMARK [2][-]{subsection.5.3.5}{\376\377\000P\000l\000a\000c\000e\000\040\000o\000f\000\040\000P\000u\000b\000l\000i\000c\000a\000t\000i\000o\000n\000\040\000a\000n\000d\000\040\000P\000u\000b\000l\000i\000s\000h\000e\000r}{section.5.3}% 68
\BOOKMARK [2][-]{subsection.5.3.6}{\376\377\000Y\000e\000a\000r\000\040\000o\000f\000\040\000P\000u\000b\000l\000i\000c\000a\000t\000i\000o\000n}{section.5.3}% 69
\BOOKMARK [2][-]{subsection.5.3.7}{\376\377\000E\000x\000a\000m\000p\000l\000e\000\040\000o\000f\000\040\000B\000i\000b\000l\000i\000o\000g\000r\000a\000p\000h\000y\000\040\000F\000o\000r\000m\000a\000t}{section.5.3}% 70
\BOOKMARK [3][-]{subsubsection.5.3.7.1}{\376\377\000B\000o\000o\000k}{subsection.5.3.7}% 71
\BOOKMARK [3][-]{subsubsection.5.3.7.2}{\376\377\000T\000r\000a\000n\000s\000l\000a\000t\000e\000d\000\040\000B\000o\000o\000k\000s}{subsection.5.3.7}% 72
\BOOKMARK [3][-]{subsubsection.5.3.7.3}{\376\377\000T\000r\000a\000n\000s\000l\000a\000t\000e\000d\000\040\000B\000o\000o\000k\000s\000\040\000w\000i\000t\000h\000\040\000U\000n\000s\000p\000e\000c\000i\000f\000i\000e\000d\000\040\000O\000r\000i\000g\000i\000n\000a\000l\000\040\000A\000u\000t\000h\000o\000r\000\040\000i\000n\000\040\000t\000h\000e\000\040\000O\000r\000i\000g\000i\000n\000a\000l\000\040\000L\000a\000n\000g\000u\000a\000g\000e}{subsection.5.3.7}% 73
\BOOKMARK [3][-]{subsubsection.5.3.7.4}{\376\377\000B\000o\000o\000k\000s\000\040\000A\000u\000t\000h\000o\000r\000e\000d\000\040\000b\000y\000\040\000O\000r\000g\000a\000n\000i\000z\000a\000t\000i\000o\000n\000s}{subsection.5.3.7}% 74
\BOOKMARK [3][-]{subsubsection.5.3.7.5}{\376\377\000E\000d\000i\000t\000o\000r\000s\000\040\000o\000r\000\040\000C\000o\000m\000p\000i\000l\000e\000r\000s}{subsection.5.3.7}% 75
\BOOKMARK [3][-]{subsubsection.5.3.7.6}{\376\377\000C\000o\000n\000f\000e\000r\000e\000n\000c\000e\000\040\000P\000r\000o\000c\000e\000e\000d\000i\000n\000g\000\040\000o\000r\000\040\000A\000r\000t\000i\000c\000l\000e\000s\000\040\000f\000r\000o\000m\000\040\000B\000o\000o\000k\000s}{subsection.5.3.7}% 76
\BOOKMARK [3][-]{subsubsection.5.3.7.7}{\376\377\000J\000o\000u\000r\000n\000a\000l\000\040\000A\000r\000t\000i\000c\000l\000e\000s}{subsection.5.3.7}% 77
\BOOKMARK [3][-]{subsubsection.5.3.7.8}{\376\377\000T\000h\000e\000s\000i\000s\000\040\000a\000n\000d\000\040\000D\000i\000s\000s\000e\000r\000t\000a\000t\000i\000o\000n}{subsection.5.3.7}% 78
\BOOKMARK [3][-]{subsubsection.5.3.7.9}{\376\377\000R\000e\000v\000i\000e\000w\000s}{subsection.5.3.7}% 79
\BOOKMARK [3][-]{subsubsection.5.3.7.10}{\376\377\000A\000r\000t\000i\000c\000l\000e\000s\000\040\000i\000n\000\040\000E\000n\000c\000y\000c\000l\000o\000p\000e\000d\000i\000a\000s\000\040\000o\000r\000\040\000D\000i\000c\000t\000i\000o\000n\000a\000r\000i\000e\000s}{subsection.5.3.7}% 80
\BOOKMARK [3][-]{subsubsection.5.3.7.11}{\376\377\000N\000e\000w\000s\000p\000a\000p\000e\000r\000\040\000A\000r\000t\000i\000c\000l\000e\000s}{subsection.5.3.7}% 81
\BOOKMARK [3][-]{subsubsection.5.3.7.12}{\376\377\000N\000e\000w\000s\000\040\000M\000o\000n\000i\000t\000o\000r\000i\000n\000g\000\040\000a\000n\000d\000\040\000F\000a\000c\000t\000s\000\040\000C\000h\000e\000c\000k\000i\000n\000g\000\040\000i\000n\000\040\000N\000e\000w\000s\000p\000a\000p\000e\000r\000s\000\040\000O\000v\000e\000r\000\040\000a\000\040\000P\000e\000r\000i\000o\000d}{subsection.5.3.7}% 82
\BOOKMARK [3][-]{subsubsection.5.3.7.13}{\376\377\000N\000e\000w\000s\000l\000e\000t\000t\000e\000r\000s\000,\000\040\000P\000h\000o\000t\000o\000c\000o\000p\000i\000e\000s\000,\000\040\000a\000n\000d\000\040\000U\000n\000p\000u\000b\000l\000i\000s\000h\000e\000d\000\040\000D\000o\000c\000u\000m\000e\000n\000t\000s}{subsection.5.3.7}% 83
\BOOKMARK [3][-]{subsubsection.5.3.7.14}{\376\377\000G\000o\000v\000e\000r\000n\000m\000e\000n\000t\000\040\000P\000u\000b\000l\000i\000c\000a\000t\000i\000o\000n\000s\000\040\000a\000n\000d\000\040\000O\000t\000h\000e\000r\000\040\000O\000f\000f\000i\000c\000i\000a\000l\000\040\000D\000o\000c\000u\000m\000e\000n\000t\000s}{subsection.5.3.7}% 84
\BOOKMARK [3][-]{subsubsection.5.3.7.15}{\376\377\000I\000n\000t\000e\000r\000v\000i\000e\000w\000s}{subsection.5.3.7}% 85
\BOOKMARK [3][-]{subsubsection.5.3.7.16}{\376\377\000A\000u\000d\000i\000o\000v\000i\000s\000u\000a\000l\000\040\000M\000a\000t\000e\000r\000i\000a\000l\000s}{subsection.5.3.7}% 86
\BOOKMARK [3][-]{subsubsection.5.3.7.17}{\376\377\000P\000a\000t\000e\000n\000t\000s}{subsection.5.3.7}% 87
\BOOKMARK [3][-]{subsubsection.5.3.7.18}{\376\377\000E\000l\000e\000c\000t\000r\000o\000n\000i\000c\000\040\000M\000e\000d\000i\000a}{subsection.5.3.7}% 88
\BOOKMARK [2][-]{subsection.5.3.8}{\376\377\000E\000x\000a\000m\000p\000l\000e\000\040\000F\000o\000r\000m\000a\000t\000s\000\040\000f\000o\000r\000\040\000R\000e\000f\000e\000r\000e\000n\000c\000e\000s\000\040\000C\000i\000t\000a\000t\000i\000o\000n}{section.5.3}% 89
\BOOKMARK [3][-]{subsubsection.5.3.8.1}{\376\377\000B\000o\000o\000k}{subsection.5.3.8}% 90
\BOOKMARK [3][-]{subsubsection.5.3.8.2}{\376\377\000A\000r\000t\000i\000c\000l\000e\000s\000\040\000f\000r\000o\000m\000\040\000J\000o\000u\000r\000n\000a\000l\000s\000,\000\040\000B\000o\000o\000k\000s\000,\000\040\000o\000r\000\040\000C\000o\000n\000f\000e\000r\000e\000n\000c\000e\000\040\000P\000r\000o\000c\000e\000e\000d\000i\000n\000g\000s}{subsection.5.3.8}% 91
\BOOKMARK [3][-]{subsubsection.5.3.8.3}{\376\377\000T\000h\000e\000s\000i\000s\000\040\000a\000n\000d\000\040\000D\000i\000s\000s\000e\000r\000t\000a\000t\000i\000o\000n}{subsection.5.3.8}% 92
\BOOKMARK [3][-]{subsubsection.5.3.8.4}{\376\377\000P\000a\000t\000e\000n\000t\000s}{subsection.5.3.8}% 93
\BOOKMARK [3][-]{subsubsection.5.3.8.5}{\376\377\000V\000i\000s\000u\000a\000l\000\040\000M\000a\000t\000e\000r\000i\000a\000l\000s\000\040\000a\000n\000d\000\040\000O\000t\000h\000e\000r\000\040\000M\000e\000d\000i\000a}{subsection.5.3.8}% 94
\BOOKMARK [3][-]{subsubsection.5.3.8.6}{\376\377\000E\000l\000e\000c\000t\000r\000o\000n\000i\000c\000\040\000M\000e\000d\000i\000a}{subsection.5.3.8}% 95
\BOOKMARK [0][-]{subsubsection.5.3.8.6}{\376\377\000B\000I\000B\000L\000I\000O\000G\000R\000A\000P\000H\000Y}{}% 96
\BOOKMARK [0][-]{chapter*.7}{\376\377\000A\000p\000p\000e\000n\000d\000i\000x\000\040\000A\000\040\000G\000u\000i\000d\000e\000l\000i\000n\000e\000s\000\040\000a\000n\000d\000\040\000P\000r\000o\000c\000e\000d\000u\000r\000e\000s\000\040\000F\000o\000r\000\040\000T\000h\000e\000s\000i\000s\000\040\000W\000r\000i\000t\000i\000n\000g}{}% 97
\BOOKMARK [0][-]{appendix*.8}{\376\377\000A\000U\000T\000H\000O\000R\000\040\000B\000I\000O\000G\000R\000A\000P\000H\000Y}{}% 98
